<?xml version="1.0" encoding="UTF-8"?>
<testsuite name="As test analyst" tests="2" skipped="0" failures="0" errors="0" timestamp="2022-12-29T14:43:51" hostname="50HW017581" time="98.747">
  <properties/>
  <testcase name="Create  a new product" classname="As test analyst" time="46.423"/>
  <testcase name="Delete  product" classname="As test analyst" time="52.311"/>
  <system-out><![CDATA[09:43:51.989 [Test worker] DEBUG io.github.bonigarcia.wdm.cache.ResolutionCache - Resolution chrome=108 in cache (valid until 09:52:36 29/12/2022 COT)
09:43:51.990 [Test worker] DEBUG io.github.bonigarcia.wdm.cache.ResolutionCache - Resolution chrome108=108.0.5359.71 in cache (valid until 15:05:16 29/12/2022 COT)
09:43:51.991 [Test worker] INFO io.github.bonigarcia.wdm.WebDriverManager - Using chromedriver 108.0.5359.71 (resolved driver for Chrome 108)
09:43:52.007 [Test worker] DEBUG io.github.bonigarcia.wdm.WebDriverManager - Driver chromedriver 108.0.5359.71 found in cache
09:43:52.009 [Test worker] INFO io.github.bonigarcia.wdm.WebDriverManager - Exporting webdriver.chrome.driver as C:\Users\1904880\.cache\selenium\chromedriver\win32\108.0.5359.71\chromedriver.exe
09:43:53.140 [Test worker] DEBUG net.thucydides.core.steps.StepInterceptor - STARTING STEP: ProductStepDefinitions.theUserEnteredTheSectionToEnterANewProduct - {0} opens the #url
09:43:54.243 [Test worker] INFO net.serenitybdd.core.webdriver.driverproviders.ProvideNewDriver - Instantiating driver
09:43:54.244 [Test worker] INFO net.serenitybdd.core.webdriver.driverproviders.ProvideNewDriver - Driver capabilities: Capabilities {acceptInsecureCerts: false, browserName: chrome, chrome.switches: --start-maximized,--incogni..., goog:chromeOptions: {args: [--start-maximized, --incognito, --disable-popup-blocking, --disable-download-notifica..., --test-type, --ignore-certificate-errors, --allow-running-insecure-co..., --disable-translate, --always-authorize-plugins, --disable-extensions, --no-sandbox, --disable-dev-shm-usage], extensions: []}, loggingPrefs: org.openqa.selenium.logging..., platform: ANY, version: }
09:44:04.380 [Test worker] DEBUG net.serenitybdd.core.photography.Darkroom - Opening darkroom
09:44:04.381 [Darkroom Processing Line] DEBUG net.serenitybdd.core.photography.DarkroomProcessingLine - Darkroom processing line starting up
09:44:05.180 [Test worker] DEBUG net.serenitybdd.core.photography.Darkroom - Send negative for processing for C:\Users\1904880\Documents\RetoBDD\target\site\serenity\a87c76b826f3466b7396905c1bcd30ad69770e68329335e6975a93219eb7012c.png
09:44:05.181 [Darkroom Processing Line] DEBUG net.serenitybdd.core.photography.DarkroomProcessingLine - Processing screenshot image in /var/screenshots/screenshot-8414199196817609861
09:44:05.181 [Darkroom Processing Line] DEBUG net.serenitybdd.core.photography.DarkroomProcessingLine - Saving screenshot to C:\Users\1904880\Documents\RetoBDD\target\site\serenity\a87c76b826f3466b7396905c1bcd30ad69770e68329335e6975a93219eb7012c.png
09:44:05.185 [Test worker] DEBUG net.thucydides.core.steps.StepInterceptor - STEP DONE: {0} opens the #url
09:44:05.751 [Test worker] DEBUG net.serenitybdd.core.photography.Darkroom - Send negative for processing for C:\Users\1904880\Documents\RetoBDD\target\site\serenity\a87c76b826f3466b7396905c1bcd30ad69770e68329335e6975a93219eb7012c.png
09:44:05.752 [Test worker] DEBUG net.thucydides.core.steps.StepInterceptor - STARTING STEP: ProductStepDefinitions.theUserEnteredTheSectionToEnterANewProduct - performAs
09:44:06.464 [Test worker] DEBUG net.serenitybdd.core.photography.Darkroom - Send negative for processing for C:\Users\1904880\Documents\RetoBDD\target\site\serenity\a87c76b826f3466b7396905c1bcd30ad69770e68329335e6975a93219eb7012c.png
09:44:06.467 [Test worker] DEBUG net.thucydides.core.steps.StepInterceptor - STARTING STEP: LoginTo.performAs - {0} enters #theTextAsAString into #target
09:44:06.469 [Test worker] DEBUG net.serenitybdd.screenplay.targets.IFrameSwitcher - default content already selected for field to enter the username
09:44:08.393 [Test worker] DEBUG net.serenitybdd.core.photography.Darkroom - Send negative for processing for C:\Users\1904880\Documents\RetoBDD\target\site\serenity\a87668102be62f1f924d0bc24941de34b44f700662ae01e736a7b0d1ee62916f.png
09:44:08.394 [Darkroom Processing Line] DEBUG net.serenitybdd.core.photography.DarkroomProcessingLine - Processing screenshot image in /var/screenshots/screenshot-6168575085123814388
09:44:08.394 [Test worker] DEBUG net.thucydides.core.steps.StepInterceptor - STEP DONE: {0} enters #theTextAsAString into #target
09:44:08.394 [Darkroom Processing Line] DEBUG net.serenitybdd.core.photography.DarkroomProcessingLine - Saving screenshot to C:\Users\1904880\Documents\RetoBDD\target\site\serenity\a87668102be62f1f924d0bc24941de34b44f700662ae01e736a7b0d1ee62916f.png
09:44:08.426 [Test worker] DEBUG net.thucydides.core.steps.StepInterceptor - STARTING STEP: LoginTo.performAs - {0} enters #theTextAsAString into #target
09:44:08.428 [Test worker] DEBUG net.serenitybdd.screenplay.targets.IFrameSwitcher - default content already selected for field to enter the password
09:44:10.118 [Test worker] DEBUG net.serenitybdd.core.photography.Darkroom - Send negative for processing for C:\Users\1904880\Documents\RetoBDD\target\site\serenity\d61479a116a32eb929fe1244d8de3ae1496b5e697d703401ee6203e909109a63.png
09:44:10.119 [Darkroom Processing Line] DEBUG net.serenitybdd.core.photography.DarkroomProcessingLine - Processing screenshot image in /var/screenshots/screenshot-1912696912473122118
09:44:10.120 [Darkroom Processing Line] DEBUG net.serenitybdd.core.photography.DarkroomProcessingLine - Saving screenshot to C:\Users\1904880\Documents\RetoBDD\target\site\serenity\d61479a116a32eb929fe1244d8de3ae1496b5e697d703401ee6203e909109a63.png
09:44:10.121 [Test worker] DEBUG net.thucydides.core.steps.StepInterceptor - STEP DONE: {0} enters #theTextAsAString into #target
09:44:10.159 [Test worker] DEBUG net.thucydides.core.steps.StepInterceptor - STARTING STEP: LoginTo.performAs - {0} clicks on #target
09:44:10.161 [Test worker] DEBUG net.serenitybdd.screenplay.targets.IFrameSwitcher - default content already selected for button to start session
09:44:13.930 [Test worker] DEBUG net.serenitybdd.core.photography.Darkroom - Send negative for processing for C:\Users\1904880\Documents\RetoBDD\target\site\serenity\b8bea82a6a1b6681bb1a3d6db73d984783a6d4901215d1c937bd120687711280.png
09:44:13.930 [Test worker] DEBUG net.thucydides.core.steps.StepInterceptor - STEP DONE: {0} clicks on #target
09:44:13.930 [Darkroom Processing Line] DEBUG net.serenitybdd.core.photography.DarkroomProcessingLine - Processing screenshot image in /var/screenshots/screenshot-1976515249445053945
09:44:13.931 [Darkroom Processing Line] DEBUG net.serenitybdd.core.photography.DarkroomProcessingLine - Saving screenshot to C:\Users\1904880\Documents\RetoBDD\target\site\serenity\b8bea82a6a1b6681bb1a3d6db73d984783a6d4901215d1c937bd120687711280.png
09:44:13.971 [Test worker] DEBUG net.thucydides.core.steps.StepInterceptor - STEP DONE: performAs
09:44:14.956 [Test worker] DEBUG net.serenitybdd.core.photography.Darkroom - Send negative for processing for C:\Users\1904880\Documents\RetoBDD\target\site\serenity\5090ca385004c6beaa4b0c917042a0b34ba8d4cf5c0cdcba8ecdcb3adb697ce3.png
09:44:14.956 [Darkroom Processing Line] DEBUG net.serenitybdd.core.photography.DarkroomProcessingLine - Processing screenshot image in /var/screenshots/screenshot-6951232344573575128
09:44:14.956 [Darkroom Processing Line] DEBUG net.serenitybdd.core.photography.DarkroomProcessingLine - Saving screenshot to C:\Users\1904880\Documents\RetoBDD\target\site\serenity\5090ca385004c6beaa4b0c917042a0b34ba8d4cf5c0cdcba8ecdcb3adb697ce3.png
09:44:14.956 [Test worker] DEBUG net.thucydides.core.steps.StepInterceptor - STARTING STEP: ProductStepDefinitions.theUserEnteredTheSectionToEnterANewProduct - performAs
09:44:15.003 [Test worker] DEBUG net.thucydides.core.steps.StepInterceptor - STARTING STEP: GoTo.performAs - {0} clicks on #target
09:44:15.004 [Test worker] DEBUG net.serenitybdd.screenplay.targets.IFrameSwitcher - default content already selected for more information about orders
09:44:17.137 [Test worker] DEBUG net.serenitybdd.core.photography.Darkroom - Send negative for processing for C:\Users\1904880\Documents\RetoBDD\target\site\serenity\84b1197198d254ae64f24ddd948e717323215061b9f7ce35555f488341f12948.png
09:44:17.138 [Test worker] DEBUG net.thucydides.core.steps.StepInterceptor - STEP DONE: {0} clicks on #target
09:44:17.138 [Darkroom Processing Line] DEBUG net.serenitybdd.core.photography.DarkroomProcessingLine - Processing screenshot image in /var/screenshots/screenshot-8627569436059994623
09:44:17.138 [Darkroom Processing Line] DEBUG net.serenitybdd.core.photography.DarkroomProcessingLine - Saving screenshot to C:\Users\1904880\Documents\RetoBDD\target\site\serenity\84b1197198d254ae64f24ddd948e717323215061b9f7ce35555f488341f12948.png
09:44:17.163 [Test worker] DEBUG net.thucydides.core.steps.StepInterceptor - STEP DONE: performAs
09:44:18.185 [Test worker] DEBUG net.serenitybdd.core.photography.Darkroom - Send negative for processing for C:\Users\1904880\Documents\RetoBDD\target\site\serenity\57266bf55f8a5906eebdbf7f0585be13812e4807b1c2c60a5b661b13cd30830e.png
09:44:18.185 [Darkroom Processing Line] DEBUG net.serenitybdd.core.photography.DarkroomProcessingLine - Processing screenshot image in /var/screenshots/screenshot-1570875589505123749
09:44:18.185 [Darkroom Processing Line] DEBUG net.serenitybdd.core.photography.DarkroomProcessingLine - Saving screenshot to C:\Users\1904880\Documents\RetoBDD\target\site\serenity\57266bf55f8a5906eebdbf7f0585be13812e4807b1c2c60a5b661b13cd30830e.png
09:44:19.325 [Test worker] DEBUG net.serenitybdd.core.photography.Darkroom - Send negative for processing for C:\Users\1904880\Documents\RetoBDD\target\site\serenity\57266bf55f8a5906eebdbf7f0585be13812e4807b1c2c60a5b661b13cd30830e.png
09:44:19.326 [Test worker] DEBUG net.thucydides.core.steps.StepInterceptor - STARTING STEP: ProductStepDefinitions.youFillOutTheFormWhit - performAs
09:44:20.343 [Test worker] DEBUG net.serenitybdd.core.photography.Darkroom - Send negative for processing for C:\Users\1904880\Documents\RetoBDD\target\site\serenity\57266bf55f8a5906eebdbf7f0585be13812e4807b1c2c60a5b661b13cd30830e.png
09:44:20.344 [Test worker] DEBUG net.thucydides.core.steps.StepInterceptor - STARTING STEP: CreateThe.performAs - {0} clicks on #target
09:44:20.345 [Test worker] DEBUG net.serenitybdd.screenplay.targets.IFrameSwitcher - default content already selected for button to make a new order
09:44:22.018 [Test worker] DEBUG net.serenitybdd.core.photography.Darkroom - Send negative for processing for C:\Users\1904880\Documents\RetoBDD\target\site\serenity\7935482b8c996f94d9468f2bca52cad53e2311cb8999a94e86ce4ffc4fa63b72.png
09:44:22.019 [Test worker] DEBUG net.thucydides.core.steps.StepInterceptor - STEP DONE: {0} clicks on #target
09:44:22.019 [Darkroom Processing Line] DEBUG net.serenitybdd.core.photography.DarkroomProcessingLine - Processing screenshot image in /var/screenshots/screenshot-4374615436970118160
09:44:22.020 [Darkroom Processing Line] DEBUG net.serenitybdd.core.photography.DarkroomProcessingLine - Saving screenshot to C:\Users\1904880\Documents\RetoBDD\target\site\serenity\7935482b8c996f94d9468f2bca52cad53e2311cb8999a94e86ce4ffc4fa63b72.png
09:44:22.045 [Test worker] DEBUG net.thucydides.core.steps.StepInterceptor - STARTING STEP: CreateThe.performAs - {0} enters #theTextAsAString into #target
09:44:22.045 [Test worker] DEBUG net.serenitybdd.screenplay.targets.IFrameSwitcher - default content already selected for field to enter the customer
09:44:23.291 [Test worker] DEBUG net.serenitybdd.core.photography.Darkroom - Send negative for processing for C:\Users\1904880\Documents\RetoBDD\target\site\serenity\16990eea97fa2bc32ca9291c5b0a236e72d8bd7572f93a5446f91c719db2238d.png
09:44:23.292 [Test worker] DEBUG net.thucydides.core.steps.StepInterceptor - STEP DONE: {0} enters #theTextAsAString into #target
09:44:23.292 [Darkroom Processing Line] DEBUG net.serenitybdd.core.photography.DarkroomProcessingLine - Processing screenshot image in /var/screenshots/screenshot-4069608268432520591
09:44:23.292 [Darkroom Processing Line] DEBUG net.serenitybdd.core.photography.DarkroomProcessingLine - Saving screenshot to C:\Users\1904880\Documents\RetoBDD\target\site\serenity\16990eea97fa2bc32ca9291c5b0a236e72d8bd7572f93a5446f91c719db2238d.png
09:44:23.315 [Test worker] DEBUG net.thucydides.core.steps.StepInterceptor - STARTING STEP: CreateThe.performAs - {0} enters #theTextAsAString into #target
09:44:23.316 [Test worker] DEBUG net.serenitybdd.screenplay.targets.IFrameSwitcher - default content already selected for field to search for the customer
09:44:24.717 [Test worker] DEBUG net.serenitybdd.core.photography.Darkroom - Send negative for processing for C:\Users\1904880\Documents\RetoBDD\target\site\serenity\9a28d69d5314f586cd93248c476296e3fb098b0c23ebc57873495011b743252c.png
09:44:24.718 [Test worker] DEBUG net.thucydides.core.steps.StepInterceptor - STEP DONE: {0} enters #theTextAsAString into #target
09:44:24.718 [Darkroom Processing Line] DEBUG net.serenitybdd.core.photography.DarkroomProcessingLine - Processing screenshot image in /var/screenshots/screenshot-6865410252919486414
09:44:24.718 [Darkroom Processing Line] DEBUG net.serenitybdd.core.photography.DarkroomProcessingLine - Saving screenshot to C:\Users\1904880\Documents\RetoBDD\target\site\serenity\9a28d69d5314f586cd93248c476296e3fb098b0c23ebc57873495011b743252c.png
09:44:24.741 [Test worker] DEBUG net.thucydides.core.steps.StepInterceptor - STARTING STEP: CreateThe.performAs - {0} enters #theTextAsAString into #target
09:44:24.742 [Test worker] DEBUG net.serenitybdd.screenplay.targets.IFrameSwitcher - default content already selected for customer selection
09:44:26.242 [Test worker] DEBUG net.serenitybdd.core.photography.Darkroom - Send negative for processing for C:\Users\1904880\Documents\RetoBDD\target\site\serenity\836d749f24820eb69f8ad065eb62e8dfdaf4e5493c61468b9923c0b08d624879.png
09:44:26.242 [Test worker] DEBUG net.thucydides.core.steps.StepInterceptor - STEP DONE: {0} enters #theTextAsAString into #target
09:44:26.243 [Darkroom Processing Line] DEBUG net.serenitybdd.core.photography.DarkroomProcessingLine - Processing screenshot image in /var/screenshots/screenshot-5456607431608965809
09:44:26.243 [Darkroom Processing Line] DEBUG net.serenitybdd.core.photography.DarkroomProcessingLine - Saving screenshot to C:\Users\1904880\Documents\RetoBDD\target\site\serenity\836d749f24820eb69f8ad065eb62e8dfdaf4e5493c61468b9923c0b08d624879.png
09:44:26.272 [Test worker] DEBUG net.thucydides.core.steps.StepInterceptor - STARTING STEP: CreateThe.performAs - {0} enters #theTextAsAString into #target
09:44:26.273 [Test worker] DEBUG net.serenitybdd.screenplay.targets.IFrameSwitcher - default content already selected for Date of the order
09:44:27.612 [Test worker] DEBUG net.serenitybdd.core.photography.Darkroom - Send negative for processing for C:\Users\1904880\Documents\RetoBDD\target\site\serenity\8660c0dff87e9a57d5ef8eac4ab0dfa50f23e0a4ab065ab95c506cd66ea862d3.png
09:44:27.612 [Test worker] DEBUG net.thucydides.core.steps.StepInterceptor - STEP DONE: {0} enters #theTextAsAString into #target
09:44:27.612 [Darkroom Processing Line] DEBUG net.serenitybdd.core.photography.DarkroomProcessingLine - Processing screenshot image in /var/screenshots/screenshot-7853557385765576265
09:44:27.612 [Darkroom Processing Line] DEBUG net.serenitybdd.core.photography.DarkroomProcessingLine - Saving screenshot to C:\Users\1904880\Documents\RetoBDD\target\site\serenity\8660c0dff87e9a57d5ef8eac4ab0dfa50f23e0a4ab065ab95c506cd66ea862d3.png
09:44:27.620 [Test worker] DEBUG net.serenitybdd.screenplay.targets.IFrameSwitcher - default content already selected for Save new order
09:44:28.548 [Test worker] DEBUG net.serenitybdd.core.photography.Darkroom - Send negative for processing for C:\Users\1904880\Documents\RetoBDD\target\site\serenity\aa0a9585820d217e3e609da52ae29126d8123e5073c4d5a0a0aff4c0fbc787a8.png
09:44:28.549 [Darkroom Processing Line] DEBUG net.serenitybdd.core.photography.DarkroomProcessingLine - Processing screenshot image in /var/screenshots/screenshot-1099602850707247997
09:44:28.549 [Darkroom Processing Line] DEBUG net.serenitybdd.core.photography.DarkroomProcessingLine - Saving screenshot to C:\Users\1904880\Documents\RetoBDD\target\site\serenity\aa0a9585820d217e3e609da52ae29126d8123e5073c4d5a0a0aff4c0fbc787a8.png
09:44:28.549 [Test worker] DEBUG net.thucydides.core.steps.StepInterceptor - STARTING STEP: CreateThe.performAs - {0} clicks on #target
09:44:28.551 [Test worker] DEBUG net.serenitybdd.screenplay.targets.IFrameSwitcher - default content already selected for Save new order
09:44:29.723 [Test worker] DEBUG net.serenitybdd.core.photography.Darkroom - Send negative for processing for C:\Users\1904880\Documents\RetoBDD\target\site\serenity\aa0a9585820d217e3e609da52ae29126d8123e5073c4d5a0a0aff4c0fbc787a8.png
09:44:29.725 [Test worker] DEBUG net.thucydides.core.steps.StepInterceptor - STEP DONE: {0} clicks on #target
09:44:29.756 [Test worker] DEBUG net.thucydides.core.steps.StepInterceptor - STARTING STEP: CreateThe.performAs - performAs
09:44:32.524 [Test worker] DEBUG net.serenitybdd.core.photography.Darkroom - Send negative for processing for C:\Users\1904880\Documents\RetoBDD\target\site\serenity\154b5544b3d2950f974e92ba365588892df7eb3459d4fa577a59ec281f3a7912.png
09:44:32.524 [Test worker] DEBUG net.thucydides.core.steps.StepInterceptor - STEP DONE: performAs
09:44:32.524 [Darkroom Processing Line] DEBUG net.serenitybdd.core.photography.DarkroomProcessingLine - Processing screenshot image in /var/screenshots/screenshot-6431728585662611051
09:44:32.524 [Darkroom Processing Line] DEBUG net.serenitybdd.core.photography.DarkroomProcessingLine - Saving screenshot to C:\Users\1904880\Documents\RetoBDD\target\site\serenity\154b5544b3d2950f974e92ba365588892df7eb3459d4fa577a59ec281f3a7912.png
09:44:32.549 [Test worker] DEBUG net.thucydides.core.steps.StepInterceptor - STARTING STEP: CreateThe.performAs - performAs
09:44:32.578 [Test worker] DEBUG net.serenitybdd.screenplay.targets.IFrameSwitcher - default content already selected for Save new order
09:44:33.645 [Test worker] DEBUG net.serenitybdd.core.photography.Darkroom - Send negative for processing for C:\Users\1904880\Documents\RetoBDD\target\site\serenity\154b5544b3d2950f974e92ba365588892df7eb3459d4fa577a59ec281f3a7912.png
09:44:33.646 [Test worker] DEBUG net.thucydides.core.steps.StepInterceptor - STARTING STEP: SearchProduct.performAs - {0} enters #theTextAsAString into #target
09:44:33.647 [Test worker] DEBUG net.serenitybdd.screenplay.targets.IFrameSwitcher - default content already selected for Save new order
09:44:35.071 [Test worker] DEBUG net.serenitybdd.core.photography.Darkroom - Send negative for processing for C:\Users\1904880\Documents\RetoBDD\target\site\serenity\1f814307861f422929612a37cd48a9569bc8bf948fa085185bfa700223996488.png
09:44:35.072 [Test worker] DEBUG net.thucydides.core.steps.StepInterceptor - STEP DONE: {0} enters #theTextAsAString into #target
09:44:35.072 [Darkroom Processing Line] DEBUG net.serenitybdd.core.photography.DarkroomProcessingLine - Processing screenshot image in /var/screenshots/screenshot-4000474320515419117
09:44:35.072 [Darkroom Processing Line] DEBUG net.serenitybdd.core.photography.DarkroomProcessingLine - Saving screenshot to C:\Users\1904880\Documents\RetoBDD\target\site\serenity\1f814307861f422929612a37cd48a9569bc8bf948fa085185bfa700223996488.png
09:44:35.096 [Test worker] DEBUG net.thucydides.core.steps.StepInterceptor - STEP DONE: performAs
09:44:35.119 [Test worker] DEBUG net.thucydides.core.steps.StepInterceptor - STEP DONE: performAs
09:44:35.860 [Test worker] DEBUG net.serenitybdd.core.photography.Darkroom - Send negative for processing for C:\Users\1904880\Documents\RetoBDD\target\site\serenity\7bc6386a9eda9cc15a670d242ec47a970cb9634355b6ecc2ea6348878b9d13e7.png
09:44:35.861 [Darkroom Processing Line] DEBUG net.serenitybdd.core.photography.DarkroomProcessingLine - Processing screenshot image in /var/screenshots/screenshot-104255093837623728
09:44:35.861 [Darkroom Processing Line] DEBUG net.serenitybdd.core.photography.DarkroomProcessingLine - Saving screenshot to C:\Users\1904880\Documents\RetoBDD\target\site\serenity\7bc6386a9eda9cc15a670d242ec47a970cb9634355b6ecc2ea6348878b9d13e7.png
09:44:35.905 [Test worker] DEBUG net.serenitybdd.screenplay.targets.IFrameSwitcher - default content already selected for Save new order
09:44:36.703 [Test worker] DEBUG net.serenitybdd.core.photography.Darkroom - Send negative for processing for C:\Users\1904880\Documents\RetoBDD\target\site\serenity\00450fa9b379c7423271f880230104fef058e3cd2ff98b9a6748256da89e5682.png
09:44:36.704 [Darkroom Processing Line] DEBUG net.serenitybdd.core.photography.DarkroomProcessingLine - Processing screenshot image in /var/screenshots/screenshot-7965079416786262615
09:44:36.704 [Darkroom Processing Line] DEBUG net.serenitybdd.core.photography.DarkroomProcessingLine - Saving screenshot to C:\Users\1904880\Documents\RetoBDD\target\site\serenity\00450fa9b379c7423271f880230104fef058e3cd2ff98b9a6748256da89e5682.png
09:44:36.704 [Test worker] DEBUG net.thucydides.core.steps.StepInterceptor - STARTING STEP: ProductStepDefinitions.shouldShowTheCreatedProductOnTheScreen - {0} should see #description
09:44:36.725 [Test worker] DEBUG net.thucydides.core.steps.StepInterceptor - STEP DONE: {0} should see #description
09:44:37.824 [Test worker] INFO  - ?[92m
        __    _____ _____ ____ _____   ____   _    ____  ____  _____ ____  
  _     \ \  |_   _| ____/ ___|_   _| |  _ \ / \  / ___|/ ___|| ____|  _ \ 
 (_)_____| |   | | |  _| \___ \ | |   | |_) / _ \ \___ \\___ \|  _| | | | |
  _|_____| |   | | | |___ ___) || |   |  __/ ___ \ ___) |___) | |___| |_| |
 (_)     | |   |_| |_____|____/ |_|   |_| /_/   \_\____/|____/|_____|____/ 
        /_/                                                                

Create  a new product
----------------------------------------------------------------------------?[0m
09:44:37.866 [Test worker] DEBUG io.github.bonigarcia.wdm.cache.ResolutionCache - Resolution chrome=108 in cache (valid until 09:52:36 29/12/2022 COT)
09:44:37.867 [Test worker] DEBUG io.github.bonigarcia.wdm.cache.ResolutionCache - Resolution chrome108=108.0.5359.71 in cache (valid until 15:05:16 29/12/2022 COT)
09:44:37.868 [Test worker] INFO io.github.bonigarcia.wdm.WebDriverManager - Using chromedriver 108.0.5359.71 (resolved driver for Chrome 108)
09:44:37.887 [Test worker] DEBUG io.github.bonigarcia.wdm.WebDriverManager - Driver chromedriver 108.0.5359.71 found in cache
09:44:37.889 [Test worker] INFO io.github.bonigarcia.wdm.WebDriverManager - Exporting webdriver.chrome.driver as C:\Users\1904880\.cache\selenium\chromedriver\win32\108.0.5359.71\chromedriver.exe
09:44:37.911 [Test worker] DEBUG net.thucydides.core.steps.StepInterceptor - STARTING STEP: ProductStepDefinitions.theUserEnteredTheSectionToEnterANewProduct - {0} opens the #url
09:44:38.855 [Test worker] INFO net.serenitybdd.core.webdriver.driverproviders.ProvideNewDriver - Instantiating driver
09:44:38.856 [Test worker] INFO net.serenitybdd.core.webdriver.driverproviders.ProvideNewDriver - Driver capabilities: Capabilities {acceptInsecureCerts: false, browserName: chrome, chrome.switches: --start-maximized,--incogni..., goog:chromeOptions: {args: [--start-maximized, --incognito, --disable-popup-blocking, --disable-download-notifica..., --test-type, --ignore-certificate-errors, --allow-running-insecure-co..., --disable-translate, --always-authorize-plugins, --disable-extensions, --no-sandbox, --disable-dev-shm-usage], extensions: []}, loggingPrefs: org.openqa.selenium.logging..., platform: ANY, version: }
09:44:46.917 [Test worker] DEBUG net.serenitybdd.core.photography.Darkroom - Send negative for processing for C:\Users\1904880\Documents\RetoBDD\target\site\serenity\a87c76b826f3466b7396905c1bcd30ad69770e68329335e6975a93219eb7012c.png
09:44:46.918 [Test worker] DEBUG net.thucydides.core.steps.StepInterceptor - STEP DONE: {0} opens the #url
09:44:46.958 [Test worker] DEBUG net.thucydides.core.steps.StepInterceptor - STARTING STEP: ProductStepDefinitions.theUserEnteredTheSectionToEnterANewProduct - performAs
09:44:47.437 [Test worker] DEBUG net.serenitybdd.core.photography.Darkroom - Send negative for processing for C:\Users\1904880\Documents\RetoBDD\target\site\serenity\a87c76b826f3466b7396905c1bcd30ad69770e68329335e6975a93219eb7012c.png
09:44:47.438 [Test worker] DEBUG net.thucydides.core.steps.StepInterceptor - STARTING STEP: LoginTo.performAs - {0} enters #theTextAsAString into #target
09:44:47.439 [Test worker] DEBUG net.serenitybdd.screenplay.targets.IFrameSwitcher - default content already selected for field to enter the username
09:44:48.731 [Test worker] DEBUG net.serenitybdd.core.photography.Darkroom - Send negative for processing for C:\Users\1904880\Documents\RetoBDD\target\site\serenity\a87668102be62f1f924d0bc24941de34b44f700662ae01e736a7b0d1ee62916f.png
09:44:48.732 [Test worker] DEBUG net.thucydides.core.steps.StepInterceptor - STEP DONE: {0} enters #theTextAsAString into #target
09:44:48.755 [Test worker] DEBUG net.thucydides.core.steps.StepInterceptor - STARTING STEP: LoginTo.performAs - {0} enters #theTextAsAString into #target
09:44:48.756 [Test worker] DEBUG net.serenitybdd.screenplay.targets.IFrameSwitcher - default content already selected for field to enter the password
09:44:49.868 [Test worker] DEBUG net.serenitybdd.core.photography.Darkroom - Send negative for processing for C:\Users\1904880\Documents\RetoBDD\target\site\serenity\c428dd1837dc1c028196f3202af251b1ca7f7ba28765668a4d1f79fbfdf3b675.png
09:44:49.869 [Test worker] DEBUG net.thucydides.core.steps.StepInterceptor - STEP DONE: {0} enters #theTextAsAString into #target
09:44:49.869 [Darkroom Processing Line] DEBUG net.serenitybdd.core.photography.DarkroomProcessingLine - Processing screenshot image in /var/screenshots/screenshot-4843154793344808386
09:44:49.869 [Darkroom Processing Line] DEBUG net.serenitybdd.core.photography.DarkroomProcessingLine - Saving screenshot to C:\Users\1904880\Documents\RetoBDD\target\site\serenity\c428dd1837dc1c028196f3202af251b1ca7f7ba28765668a4d1f79fbfdf3b675.png
09:44:49.893 [Test worker] DEBUG net.thucydides.core.steps.StepInterceptor - STARTING STEP: LoginTo.performAs - {0} clicks on #target
09:44:49.893 [Test worker] DEBUG net.serenitybdd.screenplay.targets.IFrameSwitcher - default content already selected for button to start session
09:44:53.554 [Test worker] DEBUG net.serenitybdd.core.photography.Darkroom - Send negative for processing for C:\Users\1904880\Documents\RetoBDD\target\site\serenity\ee63207e159b176618c0839add259755f99d042ccafd118c74cca577090fc152.png
09:44:53.555 [Darkroom Processing Line] DEBUG net.serenitybdd.core.photography.DarkroomProcessingLine - Processing screenshot image in /var/screenshots/screenshot-5438079486812634353
09:44:53.555 [Darkroom Processing Line] DEBUG net.serenitybdd.core.photography.DarkroomProcessingLine - Saving screenshot to C:\Users\1904880\Documents\RetoBDD\target\site\serenity\ee63207e159b176618c0839add259755f99d042ccafd118c74cca577090fc152.png
09:44:53.557 [Test worker] DEBUG net.thucydides.core.steps.StepInterceptor - STEP DONE: {0} clicks on #target
09:44:53.583 [Test worker] DEBUG net.thucydides.core.steps.StepInterceptor - STEP DONE: performAs
09:44:54.400 [Test worker] DEBUG net.serenitybdd.core.photography.Darkroom - Send negative for processing for C:\Users\1904880\Documents\RetoBDD\target\site\serenity\5090ca385004c6beaa4b0c917042a0b34ba8d4cf5c0cdcba8ecdcb3adb697ce3.png
09:44:54.402 [Test worker] DEBUG net.thucydides.core.steps.StepInterceptor - STARTING STEP: ProductStepDefinitions.theUserEnteredTheSectionToEnterANewProduct - performAs
09:44:54.440 [Test worker] DEBUG net.thucydides.core.steps.StepInterceptor - STARTING STEP: GoTo.performAs - {0} clicks on #target
09:44:54.440 [Test worker] DEBUG net.serenitybdd.screenplay.targets.IFrameSwitcher - default content already selected for more information about orders
09:44:56.636 [Test worker] DEBUG net.serenitybdd.core.photography.Darkroom - Send negative for processing for C:\Users\1904880\Documents\RetoBDD\target\site\serenity\84b1197198d254ae64f24ddd948e717323215061b9f7ce35555f488341f12948.png
09:44:56.636 [Test worker] DEBUG net.thucydides.core.steps.StepInterceptor - STEP DONE: {0} clicks on #target
09:44:56.664 [Test worker] DEBUG net.thucydides.core.steps.StepInterceptor - STEP DONE: performAs
09:44:57.621 [Test worker] DEBUG net.serenitybdd.core.photography.Darkroom - Send negative for processing for C:\Users\1904880\Documents\RetoBDD\target\site\serenity\152dd4dceb0eaa2a81b9c5d8086f55d9eb4ef950e928b23c2ee584c3fc058053.png
09:44:57.621 [Darkroom Processing Line] DEBUG net.serenitybdd.core.photography.DarkroomProcessingLine - Processing screenshot image in /var/screenshots/screenshot-864921811447326421
09:44:57.621 [Darkroom Processing Line] DEBUG net.serenitybdd.core.photography.DarkroomProcessingLine - Saving screenshot to C:\Users\1904880\Documents\RetoBDD\target\site\serenity\152dd4dceb0eaa2a81b9c5d8086f55d9eb4ef950e928b23c2ee584c3fc058053.png
09:44:58.503 [Test worker] DEBUG net.serenitybdd.core.photography.Darkroom - Send negative for processing for C:\Users\1904880\Documents\RetoBDD\target\site\serenity\152dd4dceb0eaa2a81b9c5d8086f55d9eb4ef950e928b23c2ee584c3fc058053.png
09:44:58.504 [Test worker] DEBUG net.thucydides.core.steps.StepInterceptor - STARTING STEP: ProductStepDefinitions.lookForTheProduct - performAs
09:44:58.533 [Test worker] DEBUG net.serenitybdd.screenplay.targets.IFrameSwitcher - default content already selected for Save new order
09:44:59.837 [Test worker] DEBUG net.serenitybdd.core.photography.Darkroom - Send negative for processing for C:\Users\1904880\Documents\RetoBDD\target\site\serenity\152dd4dceb0eaa2a81b9c5d8086f55d9eb4ef950e928b23c2ee584c3fc058053.png
09:44:59.838 [Test worker] DEBUG net.thucydides.core.steps.StepInterceptor - STARTING STEP: SearchProduct.performAs - {0} enters #theTextAsAString into #target
09:44:59.839 [Test worker] DEBUG net.serenitybdd.screenplay.targets.IFrameSwitcher - default content already selected for Save new order
09:45:01.477 [Test worker] DEBUG net.serenitybdd.core.photography.Darkroom - Send negative for processing for C:\Users\1904880\Documents\RetoBDD\target\site\serenity\011e6d64fd3f58e01c0cf9b40446ffdfbe05118c8013e81584b9a3d817f17521.png
09:45:01.477 [Test worker] DEBUG net.thucydides.core.steps.StepInterceptor - STEP DONE: {0} enters #theTextAsAString into #target
09:45:01.478 [Darkroom Processing Line] DEBUG net.serenitybdd.core.photography.DarkroomProcessingLine - Processing screenshot image in /var/screenshots/screenshot-7257204782019758824
09:45:01.478 [Darkroom Processing Line] DEBUG net.serenitybdd.core.photography.DarkroomProcessingLine - Saving screenshot to C:\Users\1904880\Documents\RetoBDD\target\site\serenity\011e6d64fd3f58e01c0cf9b40446ffdfbe05118c8013e81584b9a3d817f17521.png
09:45:01.504 [Test worker] DEBUG net.thucydides.core.steps.StepInterceptor - STEP DONE: performAs
09:45:02.317 [Test worker] DEBUG net.serenitybdd.core.photography.Darkroom - Send negative for processing for C:\Users\1904880\Documents\RetoBDD\target\site\serenity\739f4d16eea4e7f42feaef25d905cf920d556d0db622f3979900a00e08200b97.png
09:45:02.317 [Darkroom Processing Line] DEBUG net.serenitybdd.core.photography.DarkroomProcessingLine - Processing screenshot image in /var/screenshots/screenshot-4359594102326541693
09:45:02.318 [Darkroom Processing Line] DEBUG net.serenitybdd.core.photography.DarkroomProcessingLine - Saving screenshot to C:\Users\1904880\Documents\RetoBDD\target\site\serenity\739f4d16eea4e7f42feaef25d905cf920d556d0db622f3979900a00e08200b97.png
09:45:02.975 [Test worker] DEBUG net.serenitybdd.core.photography.Darkroom - Send negative for processing for C:\Users\1904880\Documents\RetoBDD\target\site\serenity\00450fa9b379c7423271f880230104fef058e3cd2ff98b9a6748256da89e5682.png
09:45:02.976 [Test worker] DEBUG net.thucydides.core.steps.StepInterceptor - STARTING STEP: ProductStepDefinitions.deleteTheProduct - performAs
09:45:03.013 [Test worker] DEBUG net.serenitybdd.screenplay.targets.IFrameSwitcher - default content already selected for Save new order
09:45:03.895 [Test worker] DEBUG net.serenitybdd.core.photography.Darkroom - Send negative for processing for C:\Users\1904880\Documents\RetoBDD\target\site\serenity\00450fa9b379c7423271f880230104fef058e3cd2ff98b9a6748256da89e5682.png
09:45:03.896 [Test worker] DEBUG net.thucydides.core.steps.StepInterceptor - STARTING STEP: DeleteThe.performAs - {0} clicks on #target
09:45:03.897 [Test worker] DEBUG net.serenitybdd.screenplay.targets.IFrameSwitcher - default content already selected for Save new order
09:45:05.340 [Test worker] DEBUG net.serenitybdd.core.photography.Darkroom - Send negative for processing for C:\Users\1904880\Documents\RetoBDD\target\site\serenity\b6f4eaf01820c9c4b1bcd22d193d1535149e86aad358ecca94201f17ebbc8f84.png
09:45:05.340 [Test worker] DEBUG net.thucydides.core.steps.StepInterceptor - STEP DONE: {0} clicks on #target
09:45:05.340 [Darkroom Processing Line] DEBUG net.serenitybdd.core.photography.DarkroomProcessingLine - Processing screenshot image in /var/screenshots/screenshot-647787070213423286
09:45:05.340 [Darkroom Processing Line] DEBUG net.serenitybdd.core.photography.DarkroomProcessingLine - Saving screenshot to C:\Users\1904880\Documents\RetoBDD\target\site\serenity\b6f4eaf01820c9c4b1bcd22d193d1535149e86aad358ecca94201f17ebbc8f84.png
09:45:05.366 [Test worker] DEBUG net.thucydides.core.steps.StepInterceptor - STARTING STEP: DeleteThe.performAs - {0} clicks on #target
09:45:05.367 [Test worker] DEBUG net.serenitybdd.screenplay.targets.IFrameSwitcher - default content already selected for Save new order
09:45:06.465 [Test worker] DEBUG net.serenitybdd.core.photography.Darkroom - Send negative for processing for C:\Users\1904880\Documents\RetoBDD\target\site\serenity\62dcebc18092e9f366c28285c1b4d3f677a32c7f44a8276f808f9552dace0ee5.png
09:45:06.465 [Test worker] DEBUG net.thucydides.core.steps.StepInterceptor - STEP DONE: {0} clicks on #target
09:45:06.466 [Darkroom Processing Line] DEBUG net.serenitybdd.core.photography.DarkroomProcessingLine - Processing screenshot image in /var/screenshots/screenshot-4257230266897135210
09:45:06.466 [Darkroom Processing Line] DEBUG net.serenitybdd.core.photography.DarkroomProcessingLine - Saving screenshot to C:\Users\1904880\Documents\RetoBDD\target\site\serenity\62dcebc18092e9f366c28285c1b4d3f677a32c7f44a8276f808f9552dace0ee5.png
09:45:06.492 [Test worker] DEBUG net.thucydides.core.steps.StepInterceptor - STARTING STEP: DeleteThe.performAs - {0} clicks on #target
09:45:06.493 [Test worker] DEBUG net.serenitybdd.screenplay.targets.IFrameSwitcher - default content already selected for Save new order
09:45:07.642 [Test worker] DEBUG net.serenitybdd.core.photography.Darkroom - Send negative for processing for C:\Users\1904880\Documents\RetoBDD\target\site\serenity\74f90fdddbffce8cd1b3d963ea62e124b70471a6e66a9f77b2418aa747e149ad.png
09:45:07.643 [Test worker] DEBUG net.thucydides.core.steps.StepInterceptor - STEP DONE: {0} clicks on #target
09:45:07.643 [Darkroom Processing Line] DEBUG net.serenitybdd.core.photography.DarkroomProcessingLine - Processing screenshot image in /var/screenshots/screenshot-7823083309908512136
09:45:07.643 [Darkroom Processing Line] DEBUG net.serenitybdd.core.photography.DarkroomProcessingLine - Saving screenshot to C:\Users\1904880\Documents\RetoBDD\target\site\serenity\74f90fdddbffce8cd1b3d963ea62e124b70471a6e66a9f77b2418aa747e149ad.png
09:45:07.667 [Test worker] DEBUG net.thucydides.core.steps.StepInterceptor - STEP DONE: performAs
09:45:08.407 [Test worker] DEBUG net.serenitybdd.core.photography.Darkroom - Send negative for processing for C:\Users\1904880\Documents\RetoBDD\target\site\serenity\6e1cc5e8eaa48600339fd45b7becf385322a076ae84dabf66f34374f226b29c9.png
09:45:08.407 [Darkroom Processing Line] DEBUG net.serenitybdd.core.photography.DarkroomProcessingLine - Processing screenshot image in /var/screenshots/screenshot-1255968659106721252
09:45:08.407 [Darkroom Processing Line] DEBUG net.serenitybdd.core.photography.DarkroomProcessingLine - Saving screenshot to C:\Users\1904880\Documents\RetoBDD\target\site\serenity\6e1cc5e8eaa48600339fd45b7becf385322a076ae84dabf66f34374f226b29c9.png
09:45:08.432 [Test worker] DEBUG net.serenitybdd.screenplay.targets.IFrameSwitcher - default content already selected for Save new order
09:45:29.085 [Test worker] DEBUG net.serenitybdd.core.photography.Darkroom - Send negative for processing for C:\Users\1904880\Documents\RetoBDD\target\site\serenity\80f67acfcf60d1347e53e0a806dd1edbf115425d2223a68276c9fbc5fb038264.png
09:45:29.085 [Test worker] DEBUG net.thucydides.core.steps.StepInterceptor - STARTING STEP: ProductStepDefinitions.notShouldShowTheCreatedProductOnTheScreen - {0} should see #description
09:45:29.085 [Darkroom Processing Line] DEBUG net.serenitybdd.core.photography.DarkroomProcessingLine - Processing screenshot image in /var/screenshots/screenshot-8469634918939695501
09:45:29.085 [Darkroom Processing Line] DEBUG net.serenitybdd.core.photography.DarkroomProcessingLine - Saving screenshot to C:\Users\1904880\Documents\RetoBDD\target\site\serenity\80f67acfcf60d1347e53e0a806dd1edbf115425d2223a68276c9fbc5fb038264.png
09:45:29.103 [Test worker] DEBUG net.thucydides.core.steps.StepInterceptor - STEP DONE: {0} should see #description
09:45:30.152 [Test worker] INFO  - ?[92m
        __    _____ _____ ____ _____   ____   _    ____  ____  _____ ____  
  _     \ \  |_   _| ____/ ___|_   _| |  _ \ / \  / ___|/ ___|| ____|  _ \ 
 (_)_____| |   | | |  _| \___ \ | |   | |_) / _ \ \___ \\___ \|  _| | | | |
  _|_____| |   | | | |___ ___) || |   |  __/ ___ \ ___) |___) | |___| |_| |
 (_)     | |   |_| |_____|____/ |_|   |_| /_/   \_\____/|____/|_____|____/ 
        /_/                                                                

Delete  product
----------------------------------------------------------------------------?[0m
]]></system-out>
  <system-err><![CDATA[dic 29, 2022 9:43:53 AM org.openqa.selenium.remote.DesiredCapabilities chrome
INFO: Using `new ChromeOptions()` is preferred to `DesiredCapabilities.chrome()`
Starting ChromeDriver 108.0.5359.71 (1e0e3868ee06e91ad636a874420e3ca3ae3756ac-refs/branch-heads/5359@{#1016}) on port 25458
Only local connections are allowed.
Please see https://chromedriver.chromium.org/security-considerations for suggestions on keeping ChromeDriver safe.
ChromeDriver was started successfully.
dic 29, 2022 9:43:57 AM org.openqa.selenium.remote.ProtocolHandshake createSession
INFO: Detected dialect: W3C
dic 29, 2022 9:44:37 AM org.openqa.selenium.remote.DesiredCapabilities chrome
INFO: Using `new ChromeOptions()` is preferred to `DesiredCapabilities.chrome()`
Starting ChromeDriver 108.0.5359.71 (1e0e3868ee06e91ad636a874420e3ca3ae3756ac-refs/branch-heads/5359@{#1016}) on port 15720
Only local connections are allowed.
Please see https://chromedriver.chromium.org/security-considerations for suggestions on keeping ChromeDriver safe.
ChromeDriver was started successfully.
dic 29, 2022 9:44:41 AM org.openqa.selenium.remote.ProtocolHandshake createSession
INFO: Detected dialect: W3C
]]></system-err>
</testsuite>
